#
# There is insufficient memory for the Java Runtime Environment to continue.
# Native memory allocation (malloc) failed to allocate 298576 bytes for Chunk::new
# Possible reasons:
#   The system is out of physical RAM or swap space
#   The process is running with CompressedOops enabled, and the Java Heap may be blocking the growth of the native heap
# Possible solutions:
#   Reduce memory load on the system
#   Increase physical memory or swap space
#   Check if swap backing store is full
#   Decrease Java heap size (-Xmx/-Xms)
#   Decrease number of Java threads
#   Decrease Java thread stack sizes (-Xss)
#   Set larger code cache with -XX:ReservedCodeCacheSize=
#   JVM is running with Unscaled Compressed Oops mode in which the Java heap is
#     placed in the first 4GB address space. The Java Heap base address is the
#     maximum limit for the native heap growth. Please use -XX:HeapBaseMinAddress
#     to set the Java Heap base and to place the Java Heap above 4GB virtual address.
# This output file may be truncated or incomplete.
#
#  Out of Memory Error (allocation.cpp:389), pid=10252, tid=0x0000000000000cb8
#
# JRE version: Java(TM) SE Runtime Environment (8.0_271-b09) (build 1.8.0_271-b09)
# Java VM: Java HotSpot(TM) 64-Bit Server VM (25.271-b09 mixed mode windows-amd64 compressed oops)
# Failed to write core dump. Minidumps are not enabled by default on client versions of Windows
#

---------------  T H R E A D  ---------------

Current thread (0x000001c7cb51e000):  JavaThread "C2 CompilerThread0" daemon [_thread_in_native, id=3256, stack(0x00000027c1e00000,0x00000027c1f00000)]

Stack: [0x00000027c1e00000,0x00000027c1f00000]
Native frames: (J=compiled Java code, j=interpreted, Vv=VM code, C=native code)
V  [jvm.dll+0x33f6c9]
V  [jvm.dll+0x286122]
V  [jvm.dll+0x286dcd]
V  [jvm.dll+0x27d805]
V  [jvm.dll+0xe574c]
V  [jvm.dll+0xe5f4c]
V  [jvm.dll+0x462b72]
V  [jvm.dll+0x49df9d]
V  [jvm.dll+0x4523ae]
V  [jvm.dll+0x44feb4]
V  [jvm.dll+0x43aef7]
V  [jvm.dll+0xbc3eb]
V  [jvm.dll+0xbaa4b]
V  [jvm.dll+0x24e7c2]
V  [jvm.dll+0x2a2dcc]
C  [ucrtbase.dll+0x214c2]
C  [KERNEL32.DLL+0x17034]
C  [ntdll.dll+0x4d0d1]


Current CompileTask:
C2:   1583  760   !   4       sun.misc.URLClassPath$JarLoader::getResource (85 bytes)


---------------  P R O C E S S  ---------------

Java Threads: ( => current thread )
  0x000001c7cc731800 JavaThread "mysql-cj-abandoned-connection-cleanup" daemon [_thread_blocked, id=2440, stack(0x00000027c2300000,0x00000027c2400000)]
  0x000001c7cb59d800 JavaThread "Service Thread" daemon [_thread_blocked, id=16456, stack(0x00000027c2100000,0x00000027c2200000)]
  0x000001c7cb57e000 JavaThread "C1 CompilerThread2" daemon [_thread_blocked, id=6668, stack(0x00000027c2000000,0x00000027c2100000)]
  0x000001c7cb523000 JavaThread "C2 CompilerThread1" daemon [_thread_in_native, id=7568, stack(0x00000027c1f00000,0x00000027c2000000)]
=>0x000001c7cb51e000 JavaThread "C2 CompilerThread0" daemon [_thread_in_native, id=3256, stack(0x00000027c1e00000,0x00000027c1f00000)]
  0x000001c7cb51c800 JavaThread "Monitor Ctrl-Break" daemon [_thread_in_native, id=14796, stack(0x00000027c1d00000,0x00000027c1e00000)]
  0x000001c7cb4a7000 JavaThread "Attach Listener" daemon [_thread_blocked, id=2592, stack(0x00000027c1c00000,0x00000027c1d00000)]
  0x000001c7cb503800 JavaThread "Signal Dispatcher" daemon [_thread_blocked, id=9968, stack(0x00000027c1b00000,0x00000027c1c00000)]
  0x000001c7cad3c000 JavaThread "Finalizer" daemon [_thread_blocked, id=14848, stack(0x00000027c1a00000,0x00000027c1b00000)]
  0x000001c7cb476000 JavaThread "Reference Handler" daemon [_thread_blocked, id=16212, stack(0x00000027c1900000,0x00000027c1a00000)]
  0x000001c7b7248800 JavaThread "main" [_thread_blocked, id=6212, stack(0x00000027c1300000,0x00000027c1400000)]

Other Threads:
  0x000001c7cb452800 VMThread [stack: 0x00000027c1800000,0x00000027c1900000] [id=6108]
  0x000001c7cb5aa800 WatcherThread [stack: 0x00000027c2200000,0x00000027c2300000] [id=15776]

VM state:not at safepoint (normal execution)

VM Mutex/Monitor currently owned by a thread: None

heap address: 0x00000000c1c00000, size: 996 MB, Compressed Oops mode: 32-bit
Narrow klass base: 0x0000000000000000, Narrow klass shift: 3
Compressed class space size: 1073741824 Address: 0x0000000100000000

Heap:
 PSYoungGen      total 18944K, used 18648K [0x00000000eb400000, 0x00000000ec900000, 0x0000000100000000)
  eden space 16384K, 98% used [0x00000000eb400000,0x00000000ec3ba980,0x00000000ec400000)
  from space 2560K, 99% used [0x00000000ec400000,0x00000000ec67b6e0,0x00000000ec680000)
  to   space 2560K, 0% used [0x00000000ec680000,0x00000000ec680000,0x00000000ec900000)
 ParOldGen       total 44032K, used 512K [0x00000000c1c00000, 0x00000000c4700000, 0x00000000eb400000)
  object space 44032K, 1% used [0x00000000c1c00000,0x00000000c1c80028,0x00000000c4700000)
 Metaspace       used 11115K, capacity 11338K, committed 11648K, reserved 1060864K
  class space    used 1301K, capacity 1372K, committed 1408K, reserved 1048576K

Card table byte_map: [0x000001c7c7fd0000,0x000001c7c81d0000] byte_map_base: 0x000001c7c79c2000

Marking Bits: (ParMarkBitMap*) 0x0000000053bb7fe0
 Begin Bits: [0x000001c7c8320000, 0x000001c7c92b0000)
 End Bits:   [0x000001c7c92b0000, 0x000001c7ca240000)

Polling page: 0x000001c7b7370000

CodeCache: size=245760Kb used=3168Kb max_used=3168Kb free=242591Kb
 bounds [0x000001c7b8c10000, 0x000001c7b8f30000, 0x000001c7c7c10000]
 total_blobs=1130 nmethods=773 adapters=269
 compilation: enabled

Compilation events (10 events):
Event: 1.472 Thread 0x000001c7cb57e000 nmethod 756 0x000001c7b8f20b50 code [0x000001c7b8f20cc0, 0x000001c7b8f20f98]
Event: 1.472 Thread 0x000001c7cb57e000  757  s    3       java.util.Vector::elementAt (48 bytes)
Event: 1.473 Thread 0x000001c7cb57e000 nmethod 757 0x000001c7b8f210d0 code [0x000001c7b8f212e0, 0x000001c7b8f21e90]
Event: 1.482 Thread 0x000001c7cb51e000  758   !   4       sun.misc.URLClassPath$JarLoader::ensureOpen (36 bytes)
Event: 1.484 Thread 0x000001c7cb51e000 nmethod 758 0x000001c7b8f25190 code [0x000001c7b8f25300, 0x000001c7b8f25428]
Event: 1.485 Thread 0x000001c7cb57e000  759       3       java.util.jar.Manifest::getTrustedAttributes (57 bytes)
Event: 1.486 Thread 0x000001c7cb57e000 nmethod 759 0x000001c7b8f23e90 code [0x000001c7b8f240a0, 0x000001c7b8f24c60]
Event: 1.506 Thread 0x000001c7cb51e000  760   !   4       sun.misc.URLClassPath$JarLoader::getResource (85 bytes)
Event: 1.512 Thread 0x000001c7cb57e000  761       3       sun.misc.ProxyGenerator$ConstantPool::getNameAndType (30 bytes)
Event: 1.513 Thread 0x000001c7cb57e000 nmethod 761 0x000001c7b8f23190 code [0x000001c7b8f23380, 0x000001c7b8f23a70]

GC Heap History (2 events):
Event: 1.132 GC heap before
{Heap before GC invocations=1 (full 0):
 PSYoungGen      total 18944K, used 16384K [0x00000000eb400000, 0x00000000ec900000, 0x0000000100000000)
  eden space 16384K, 100% used [0x00000000eb400000,0x00000000ec400000,0x00000000ec400000)
  from space 2560K, 0% used [0x00000000ec680000,0x00000000ec680000,0x00000000ec900000)
  to   space 2560K, 0% used [0x00000000ec400000,0x00000000ec400000,0x00000000ec680000)
 ParOldGen       total 44032K, used 0K [0x00000000c1c00000, 0x00000000c4700000, 0x00000000eb400000)
  object space 44032K, 0% used [0x00000000c1c00000,0x00000000c1c00000,0x00000000c4700000)
 Metaspace       used 8870K, capacity 9016K, committed 9344K, reserved 1056768K
  class space    used 1027K, capacity 1043K, committed 1152K, reserved 1048576K
Event: 1.138 GC heap after
Heap after GC invocations=1 (full 0):
 PSYoungGen      total 18944K, used 2541K [0x00000000eb400000, 0x00000000ec900000, 0x0000000100000000)
  eden space 16384K, 0% used [0x00000000eb400000,0x00000000eb400000,0x00000000ec400000)
  from space 2560K, 99% used [0x00000000ec400000,0x00000000ec67b6e0,0x00000000ec680000)
  to   space 2560K, 0% used [0x00000000ec680000,0x00000000ec680000,0x00000000ec900000)
 ParOldGen       total 44032K, used 512K [0x00000000c1c00000, 0x00000000c4700000, 0x00000000eb400000)
  object space 44032K, 1% used [0x00000000c1c00000,0x00000000c1c80028,0x00000000c4700000)
 Metaspace       used 8870K, capacity 9016K, committed 9344K, reserved 1056768K
  class space    used 1027K, capacity 1043K, committed 1152K, reserved 1048576K
}

Deoptimization events (4 events):
Event: 0.767 Thread 0x000001c7b7248800 Uncommon trap: reason=unstable_if action=reinterpret pc=0x000001c7b8da04f4 method=java.lang.String.indexOf([CII[CIII)I @ 134
Event: 0.959 Thread 0x000001c7b7248800 Uncommon trap: reason=range_check action=make_not_entrant pc=0x000001c7b8e16be0 method=sun.reflect.generics.parser.SignatureParser.current()C @ 34
Event: 1.201 Thread 0x000001c7b7248800 Uncommon trap: reason=unstable_if action=reinterpret pc=0x000001c7b8e166a4 method=java.lang.String.indexOf([CII[CIII)I @ 3
Event: 1.303 Thread 0x000001c7cc731800 Uncommon trap: reason=unstable_if action=reinterpret pc=0x000001c7b8de7ba4 method=java.util.zip.ZipCoder.getBytes(Ljava/lang/String;)[B @ 32

Classes redefined (0 events):
No events

Internal exceptions (10 events):
Event: 0.943 Thread 0x000001c7b7248800 Exception <a 'java/lang/ArrayIndexOutOfBoundsException'> (0x00000000ec081bb0) thrown at [C:\jenkins\workspace\8-2-build-windows-amd64-cygwin\jdk8u271\605\hotspot\src\share\vm\runtime\sharedRuntime.cpp, line 609]
Event: 0.944 Thread 0x000001c7b7248800 Exception <a 'java/lang/ArrayIndexOutOfBoundsException'> (0x00000000ec0891e0) thrown at [C:\jenkins\workspace\8-2-build-windows-amd64-cygwin\jdk8u271\605\hotspot\src\share\vm\runtime\sharedRuntime.cpp, line 609]
Event: 0.945 Thread 0x000001c7b7248800 Exception <a 'java/lang/ArrayIndexOutOfBoundsException'> (0x00000000ec0911c8) thrown at [C:\jenkins\workspace\8-2-build-windows-amd64-cygwin\jdk8u271\605\hotspot\src\share\vm\runtime\sharedRuntime.cpp, line 609]
Event: 0.947 Thread 0x000001c7b7248800 Exception <a 'java/lang/ArrayIndexOutOfBoundsException'> (0x00000000ec0994d8) thrown at [C:\jenkins\workspace\8-2-build-windows-amd64-cygwin\jdk8u271\605\hotspot\src\share\vm\runtime\sharedRuntime.cpp, line 609]
Event: 0.948 Thread 0x000001c7b7248800 Exception <a 'java/lang/ArrayIndexOutOfBoundsException'> (0x00000000ec0a2a20) thrown at [C:\jenkins\workspace\8-2-build-windows-amd64-cygwin\jdk8u271\605\hotspot\src\share\vm\runtime\sharedRuntime.cpp, line 609]
Event: 0.952 Thread 0x000001c7b7248800 Exception <a 'java/lang/ArrayIndexOutOfBoundsException'> (0x00000000ec0bb2c0) thrown at [C:\jenkins\workspace\8-2-build-windows-amd64-cygwin\jdk8u271\605\hotspot\src\share\vm\runtime\sharedRuntime.cpp, line 609]
Event: 0.959 Thread 0x000001c7b7248800 Exception <a 'java/lang/ArrayIndexOutOfBoundsException': 67> (0x00000000ec0da1d8) thrown at [C:\jenkins\workspace\8-2-build-windows-amd64-cygwin\jdk8u271\605\hotspot\src\share\vm\interpreter\interpreterRuntime.cpp, line 371]
Event: 1.270 Thread 0x000001c7b7248800 Exception <a 'java/lang/NoSuchFieldError': method resolution failed> (0x00000000eba1fe18) thrown at [C:\jenkins\workspace\8-2-build-windows-amd64-cygwin\jdk8u271\605\hotspot\src\share\vm\prims\methodHandles.cpp, line 1169]
Event: 1.274 Thread 0x000001c7b7248800 Exception <a 'java/lang/NoSuchFieldError': method resolution failed> (0x00000000eba2e178) thrown at [C:\jenkins\workspace\8-2-build-windows-amd64-cygwin\jdk8u271\605\hotspot\src\share\vm\prims\methodHandles.cpp, line 1169]
Event: 1.516 Thread 0x000001c7b7248800 Exception <a 'java/lang/reflect/InvocationTargetException'> (0x00000000ec350688) thrown at [C:\jenkins\workspace\8-2-build-windows-amd64-cygwin\jdk8u271\605\hotspot\src\share\vm\runtime\reflection.cpp, line 1092]

Events (10 events):
Event: 1.516 loading class org/apache/ibatis/annotations/Flush
Event: 1.516 loading class org/apache/ibatis/annotations/Flush done
Event: 1.516 loading class org/junit/runners/model/MultipleFailureException
Event: 1.516 loading class org/junit/runners/model/MultipleFailureException done
Event: 1.517 loading class org/junit/runner/notification/Failure
Event: 1.517 loading class org/junit/runner/notification/Failure done
Event: 1.518 loading class org/junit/runner/notification/RunNotifier$4
Event: 1.518 loading class org/junit/runner/notification/RunNotifier$4 done
Event: 1.521 loading class java/lang/Throwable$WrappedPrintWriter
Event: 1.522 loading class java/lang/Throwable$PrintStreamOrWriter


Dynamic libraries:
0x00007ff7164f0000 - 0x00007ff716537000 	D:\javase\bin\java.exe
0x00007ffcd2770000 - 0x00007ffcd2966000 	C:\WINDOWS\SYSTEM32\ntdll.dll
0x00007ffcd1b80000 - 0x00007ffcd1c3d000 	C:\WINDOWS\System32\KERNEL32.DLL
0x00007ffccfa30000 - 0x00007ffccfcf9000 	C:\WINDOWS\System32\KERNELBASE.dll
0x00007ffcd1f00000 - 0x00007ffcd1fac000 	C:\WINDOWS\System32\ADVAPI32.dll
0x00007ffcd0b30000 - 0x00007ffcd0bce000 	C:\WINDOWS\System32\msvcrt.dll
0x00007ffcd1c40000 - 0x00007ffcd1cdc000 	C:\WINDOWS\System32\sechost.dll
0x00007ffcd1d70000 - 0x00007ffcd1e9b000 	C:\WINDOWS\System32\RPCRT4.dll
0x00007ffcd13b0000 - 0x00007ffcd1550000 	C:\WINDOWS\System32\USER32.dll
0x00007ffccfd00000 - 0x00007ffccfd22000 	C:\WINDOWS\System32\win32u.dll
0x00007ffccff60000 - 0x00007ffccff8a000 	C:\WINDOWS\System32\GDI32.dll
0x00007ffccf640000 - 0x00007ffccf749000 	C:\WINDOWS\System32\gdi32full.dll
0x00007ffccfd30000 - 0x00007ffccfdcd000 	C:\WINDOWS\System32\msvcp_win.dll
0x00007ffccf540000 - 0x00007ffccf640000 	C:\WINDOWS\System32\ucrtbase.dll
0x00007ffcc1a30000 - 0x00007ffcc1ccb000 	C:\WINDOWS\WinSxS\amd64_microsoft.windows.common-controls_6595b64144ccf1df_6.0.19041.488_none_ca04af081b815d21\COMCTL32.dll
0x00007ffcd1ce0000 - 0x00007ffcd1d10000 	C:\WINDOWS\System32\IMM32.DLL
0x00007ffcca1e0000 - 0x00007ffcca1f5000 	D:\javase\jre\bin\vcruntime140.dll
0x00007ffcb1530000 - 0x00007ffcb15cb000 	D:\javase\jre\bin\msvcp140.dll
0x00000000533c0000 - 0x0000000053c2f000 	D:\javase\jre\bin\server\jvm.dll
0x00007ffcd13a0000 - 0x00007ffcd13a8000 	C:\WINDOWS\System32\PSAPI.DLL
0x00007ffcc0890000 - 0x00007ffcc0899000 	C:\WINDOWS\SYSTEM32\WSOCK32.dll
0x00007ffcd08d0000 - 0x00007ffcd093b000 	C:\WINDOWS\System32\WS2_32.dll
0x00007ffcccd80000 - 0x00007ffcccda7000 	C:\WINDOWS\SYSTEM32\WINMM.dll
0x00007ffcc3020000 - 0x00007ffcc302a000 	C:\WINDOWS\SYSTEM32\VERSION.dll
0x00007ffccd460000 - 0x00007ffccd472000 	C:\WINDOWS\SYSTEM32\kernel.appcore.dll
0x00007ffccb250000 - 0x00007ffccb260000 	D:\javase\jre\bin\verify.dll
0x00007ffcc3470000 - 0x00007ffcc349b000 	D:\javase\jre\bin\java.dll
0x00007ffcc2e10000 - 0x00007ffcc2e40000 	D:\javase\jre\bin\instrument.dll
0x00007ffcc5aa0000 - 0x00007ffcc5ab8000 	D:\javase\jre\bin\zip.dll
0x00007ffcd0bd0000 - 0x00007ffcd1312000 	C:\WINDOWS\System32\SHELL32.dll
0x00007ffccd660000 - 0x00007ffccddf5000 	C:\WINDOWS\SYSTEM32\windows.storage.dll
0x00007ffcd0420000 - 0x00007ffcd0776000 	C:\WINDOWS\System32\combase.dll
0x00007ffccef10000 - 0x00007ffccef3c000 	C:\WINDOWS\SYSTEM32\Wldp.dll
0x00007ffccfe90000 - 0x00007ffccff3e000 	C:\WINDOWS\System32\SHCORE.dll
0x00007ffccfe30000 - 0x00007ffccfe85000 	C:\WINDOWS\System32\shlwapi.dll
0x00007ffccf440000 - 0x00007ffccf466000 	C:\WINDOWS\SYSTEM32\profapi.dll
0x00007ffcc2df0000 - 0x00007ffcc2e0a000 	D:\idea\IntelliJ IDEA 2020.2.2\bin\breakgen64.dll
0x00007ffcc20e0000 - 0x00007ffcc20fc000 	D:\javase\jre\bin\net.dll
0x00007ffccec90000 - 0x00007ffccecfa000 	C:\WINDOWS\system32\mswsock.dll
0x00007ffcbf6b0000 - 0x00007ffcbf894000 	C:\WINDOWS\SYSTEM32\dbghelp.dll
0x00007ffccf960000 - 0x00007ffccf9e0000 	C:\WINDOWS\System32\bcryptPrimitives.dll

VM Arguments:
jvm_args: -ea -Didea.test.cyclic.buffer.size=1048576 -javaagent:D:\idea\IntelliJ IDEA 2020.2.2\lib\idea_rt.jar=54531:D:\idea\IntelliJ IDEA 2020.2.2\bin -Dfile.encoding=UTF-8 
java_command: com.intellij.rt.junit.JUnitStarter -ideVersion5 -junit4 com.itwn.test.Main,deleteUserById
java_class_path (initial): D:\idea\IntelliJ IDEA 2020.2.2\lib\idea_rt.jar;D:\idea\IntelliJ IDEA 2020.2.2\plugins\junit\lib\junit5-rt.jar;D:\idea\IntelliJ IDEA 2020.2.2\plugins\junit\lib\junit-rt.jar;D:\javase\jre\lib\charsets.jar;D:\javase\jre\lib\deploy.jar;D:\javase\jre\lib\ext\access-bridge-64.jar;D:\javase\jre\lib\ext\cldrdata.jar;D:\javase\jre\lib\ext\dnsns.jar;D:\javase\jre\lib\ext\jaccess.jar;D:\javase\jre\lib\ext\jfxrt.jar;D:\javase\jre\lib\ext\localedata.jar;D:\javase\jre\lib\ext\nashorn.jar;D:\javase\jre\lib\ext\sunec.jar;D:\javase\jre\lib\ext\sunjce_provider.jar;D:\javase\jre\lib\ext\sunmscapi.jar;D:\javase\jre\lib\ext\sunpkcs11.jar;D:\javase\jre\lib\ext\zipfs.jar;D:\javase\jre\lib\javaws.jar;D:\javase\jre\lib\jce.jar;D:\javase\jre\lib\jfr.jar;D:\javase\jre\lib\jfxswt.jar;D:\javase\jre\lib\jsse.jar;D:\javase\jre\lib\management-agent.jar;D:\javase\jre\lib\plugin.jar;D:\javase\jre\lib\resources.jar;D:\javase\jre\lib\rt.jar;D:\servletText\out\production\MybatisDemo02;D:\servletText\MybatisDemo01\web\WEB-INF\lib\asm-5.2.jar;D:\servletText\MybatisDemo01\web\WEB-INF\lib\ant-1.9.6.jar;D:\servletText\MybatisDemo01\web\WEB-INF\lib\junit-4.12.jar;D:\servletText\MybatisDemo01\web\WEB-INF\lib\cglib-3.2.5.jar;D:\servletText\MybatisDemo01\web\WEB-INF\lib\ognl-3.1.15.jar;D:\servletText\MybatisDemo01\web\WEB-INF\lib\log4j-1.2.17.jar;D:\servletText\MybatisDemo01\web\WEB-INF\lib\log4j-api-2.3.jar;D:\servletText\MybatisDemo01\web\WEB-INF\lib\mybatis-3.4.5.jar;D:\servletText\MybatisDemo01\web\WEB-INF\lib\fastjson-1.2.2.jar;D:\servletText\MybatisDemo01\web\WEB-INF\lib\log4j-core-2.3.jar;D:\servletText\MybatisDemo01\web\WEB-INF\lib\slf4j-api-1.7.25.jar;D:\servletText\MybatisDemo01\web\WEB-INF\lib\hamcrest-core-1.3.jar;D:\servletText\MybatisDemo01\web\WEB-INF\lib\ant-launcher-1.9.6.jar;D:\servletText\MybatisDemo01\web\WEB-INF\lib\junit-4.12-javadoc.jar;D:\servletText\MybatisDemo01\web\WEB-INF\lib\junit-4.12-sources.jar;D:\servletText\MybatisDemo01\web\WEB-INF\lib\commons-logg
Launcher Type: SUN_STANDARD

Environment Variables:
JAVA_HOME=D:\javase
PATH=C:\Program Files (x86)\Common Files\Oracle\Java\javapath;D:\javase\bin;C:\WINDOWS\system32;C:\WINDOWS;C:\WINDOWS\System32\Wbem;C:\WINDOWS\System32\WindowsPowerShell\v1.0\;C:\WINDOWS\System32\OpenSSH\;C:\Program Files\Git\cmd;C:\mysql-8.0.22-winx64\bin;C:\Users\lzp\AppData\Local\Microsoft\WindowsApps;C:\Users\lzp\AppData\Local\GitHubDesktop\bin
USERNAME=lzp
OS=Windows_NT
PROCESSOR_IDENTIFIER=Intel64 Family 6 Model 42 Stepping 7, GenuineIntel



---------------  S Y S T E M  ---------------

OS: Windows 10.0 , 64 bit Build 19041 (10.0.19041.662)

CPU:total 4 (initial active 4) (2 cores per cpu, 2 threads per core) family 6 model 42 stepping 7, cmov, cx8, fxsr, mmx, sse, sse2, sse3, ssse3, sse4.1, sse4.2, popcnt, avx, aes, clmul, ht, tsc, tscinvbit

Memory: 4k page, physical 4074732k(350156k free), swap 10542992k(1416k free)

vm_info: Java HotSpot(TM) 64-Bit Server VM (25.271-b09) for windows-amd64 JRE (1.8.0_271-b09), built on Sep 16 2020 19:14:59 by "" with MS VC++ 15.9 (VS2017)

time: Wed Dec 23 20:38:47 2020
timezone: 中国标准时间
elapsed time: 1.591940 seconds (0d 0h 0m 1s)

